<?xml version="1.0" encoding="UTF-8"?>
<!-- Generated by org.testng.reporters.JUnitReportReporter -->
<testsuite hostname="LCLAP1644" failures="0" tests="1" name="TestCases.Test_Login_page" time="27.685" errors="0" timestamp="2024-06-16T11:03:53 IST" skipped="0">
  <testcase classname="TestCases.Test_Login_page" name="LoginTest" time="27.685"/>
</testsuite> <!-- TestCases.Test_Login_page -->
