<?xml version="1.0" encoding="UTF-8"?>
<!-- Generated by org.testng.reporters.JUnitReportReporter -->
<testsuite hostname="LCLAP1644" failures="0" tests="1" name="TestCases.Test_Home_Page" time="20.578" errors="0" timestamp="2024-06-09T12:06:56 IST" skipped="0">
  <testcase classname="TestCases.Test_Home_Page" name="AddProducts" time="20.578"/>
</testsuite> <!-- TestCases.Test_Home_Page -->
